生成启动时间为 2017/3/7 11:13:05。
     1>项目“C:\Users\Administrator\Desktop\复试准备\PAT_甲\PAT_甲\PAT_甲.vcxproj”在节点 2 上(Build 个目标)。
     1>ClCompile:
         D:\Program Files (x86)\Microsoft Visual Studio 12.0\VC\bin\CL.exe /c /ZI /nologo /W3 /WX- /sdl /Od /Oy- /D WIN32 /D _DEBUG /D _CONSOLE /D _LIB /D _UNICODE /D UNICODE /Gm /EHsc /RTC1 /MDd /GS /fp:precise /Zc:wchar_t /Zc:forScope /Fo"Debug\\" /Fd"Debug\vc120.pdb" /Gd /TP /analyze- /errorReport:prompt 1014.cpp
         1014.cpp
       Link:
         D:\Program Files (x86)\Microsoft Visual Studio 12.0\VC\bin\link.exe /ERRORREPORT:PROMPT /OUT:"C:\Users\Administrator\Desktop\复试准备\PAT_甲\PAT_甲\Debug\PAT_甲.exe" /INCREMENTAL /NOLOGO kernel32.lib user32.lib gdi32.lib winspool.lib comdlg32.lib advapi32.lib shell32.lib ole32.lib oleaut32.lib uuid.lib odbc32.lib odbccp32.lib /MANIFEST /MANIFESTUAC:"level='asInvoker' uiAccess='false'" /manifest:embed /DEBUG /PDB:"C:\Users\Administrator\Desktop\复试准备\PAT_甲\PAT_甲\Debug\PAT_甲.pdb" /SUBSYSTEM:CONSOLE /TLBID:1 /DYNAMICBASE /NXCOMPAT /IMPLIB:"C:\Users\Administrator\Desktop\复试准备\PAT_甲\PAT_甲\Debug\PAT_甲.lib" /MACHINE:X86 Debug\1001.obj
         Debug\1002.obj
         Debug\1003.obj
         Debug\1004.obj
         Debug\1005.obj
         Debug\1006.obj
         Debug\1007.obj
         Debug\1008.obj
         Debug\1009.obj
         Debug\1010.obj
         Debug\1011.obj
         Debug\1012.obj
         Debug\1013.obj
         Debug\1014.obj
         Debug\1015.obj
         Debug\1016.obj
         PAT_甲.vcxproj -> C:\Users\Administrator\Desktop\复试准备\PAT_甲\PAT_甲\Debug\PAT_甲.exe
     1>已完成生成项目“C:\Users\Administrator\Desktop\复试准备\PAT_甲\PAT_甲\PAT_甲.vcxproj”(Build 个目标)的操作。

生成成功。

已用时间 00:00:01.28
