生成启动时间为 2017/3/26 14:54:58。
     1>项目“C:\Users\Administrator\Desktop\复试准备\九度\九度\九度.vcxproj”在节点 2 上(Build 个目标)。
     1>ClCompile:
         D:\Program Files (x86)\Microsoft Visual Studio 12.0\VC\bin\CL.exe /c /ZI /nologo /W3 /WX- /sdl /Od /Oy- /D WIN32 /D _DEBUG /D _CONSOLE /D _LIB /D _UNICODE /D UNICODE /Gm /EHsc /RTC1 /MDd /GS /fp:precise /Zc:wchar_t /Zc:forScope /Fo"Debug\\" /Fd"Debug\vc120.pdb" /Gd /TP /analyze- /errorReport:prompt 1122.cpp
         1122.cpp
       Link:
         D:\Program Files (x86)\Microsoft Visual Studio 12.0\VC\bin\link.exe /ERRORREPORT:PROMPT /OUT:"C:\Users\Administrator\Desktop\复试准备\九度\Debug\九度.exe" /INCREMENTAL /NOLOGO kernel32.lib user32.lib gdi32.lib winspool.lib comdlg32.lib advapi32.lib shell32.lib ole32.lib oleaut32.lib uuid.lib odbc32.lib odbccp32.lib /MANIFEST /MANIFESTUAC:"level='asInvoker' uiAccess='false'" /manifest:embed /DEBUG /PDB:"C:\Users\Administrator\Desktop\复试准备\九度\Debug\九度.pdb" /SUBSYSTEM:CONSOLE /TLBID:1 /DYNAMICBASE /NXCOMPAT /IMPLIB:"C:\Users\Administrator\Desktop\复试准备\九度\Debug\九度.lib" /MACHINE:X86 Debug\1000.obj
         Debug\1001.obj
         Debug\1002.obj
         Debug\1003.obj
         Debug\1004.obj
         Debug\1008.obj
         Debug\1009.obj
         Debug\1010.obj
         Debug\1011.obj
         Debug\1011_1.obj
         Debug\1011_2.obj
         Debug\1012.obj
         Debug\1013.obj
         Debug\1014.obj
         Debug\1015.obj
         Debug\1017.obj
         Debug\1018.obj
         Debug\1019.obj
         Debug\1020.obj
         Debug\1021.obj
         Debug\1022.obj
         Debug\1023.obj
         Debug\1024.obj
         Debug\1025.obj
         Debug\1026.obj
         Debug\1027.obj
         Debug\1028.obj
         Debug\1028_1.obj
         Debug\1032.obj
         Debug\1031.obj
         Debug\1033.obj
         Debug\1034.obj
         Debug\1035.obj
         Debug\1045.obj
         Debug\1046.obj
         Debug\1047.obj
         Debug\1048.obj
         Debug\1049.obj
         Debug\1050.obj
         Debug\1051.obj
         Debug\1052.obj
         Debug\1053.obj
         Debug\1054.obj
         Debug\1055.obj
         Debug\1056.obj
         Debug\1057.obj
         Debug\1058.obj
         Debug\1059.obj
         Debug\1060.obj
         Debug\1061.obj
         Debug\1062.obj
         Debug\1063.obj
         Debug\1064.obj
         Debug\1065.obj
         Debug\1066.obj
         Debug\1067.obj
         Debug\1068.obj
         Debug\1069.obj
         Debug\1070.obj
         Debug\1072.obj
         Debug\1073.obj
         Debug\1074.obj
         Debug\1075.obj
         Debug\1076.obj
         Debug\1077.obj
         Debug\1078.obj
         Debug\1079.obj
         Debug\1080.obj
         Debug\1081.obj
         Debug\1082.obj
         Debug\1083.obj
         Debug\1084.obj
         Debug\1085.obj
         Debug\1086.obj
         Debug\1087.obj
         Debug\1089.obj
         Debug\1099.obj
         Debug\1105.obj
         Debug\1101.obj
         Debug\1106.obj
         Debug\1107.obj
         Debug\1108.obj
         Debug\1109.obj
         Debug\1110.obj
         Debug\1111.obj
         Debug\1112.obj
         Debug\1113.obj
         Debug\1114.obj
         Debug\1115.obj
         Debug\1116.obj
         Debug\1117.obj
         Debug\1118.obj
         Debug\1120.obj
         Debug\1120_1.obj
         Debug\1122.obj
         Debug\1123.obj
         Debug\1172.obj
         九度.vcxproj -> C:\Users\Administrator\Desktop\复试准备\九度\Debug\九度.exe
     1>已完成生成项目“C:\Users\Administrator\Desktop\复试准备\九度\九度\九度.vcxproj”(Build 个目标)的操作。

生成成功。

已用时间 00:00:01.12
